<?xml version="1.0" encoding="UTF-8"?>
<testng-results skipped="0" failed="0" total="4" passed="4">
  <reporter-output>
  </reporter-output>
  <suite name="Default suite" duration-ms="73" started-at="2015-03-07T00:23:46Z" finished-at="2015-03-07T00:23:46Z">
    <groups>
    </groups>
    <test name="Default test" duration-ms="73" started-at="2015-03-07T00:23:46Z" finished-at="2015-03-07T00:23:46Z">
      <class name="Maths.MathematicsTest">
        <test-method status="PASS" signature="beforeSuite()[pri:0, instance:Maths.MathematicsTest@de0a01f]" name="beforeSuite" is-config="true" duration-ms="17" started-at="2015-03-06T19:23:46Z" finished-at="2015-03-06T19:23:46Z">
          <reporter-output>
          </reporter-output>
        </test-method> <!-- beforeSuite -->
        <test-method status="PASS" signature="beforeTest()[pri:0, instance:Maths.MathematicsTest@de0a01f]" name="beforeTest" is-config="true" duration-ms="1" started-at="2015-03-06T19:23:46Z" finished-at="2015-03-06T19:23:46Z">
          <reporter-output>
          </reporter-output>
        </test-method> <!-- beforeTest -->
        <test-method status="PASS" signature="beforeClass()[pri:0, instance:Maths.MathematicsTest@de0a01f]" name="beforeClass" is-config="true" duration-ms="2" started-at="2015-03-06T19:23:46Z" finished-at="2015-03-06T19:23:46Z">
          <reporter-output>
          </reporter-output>
        </test-method> <!-- beforeClass -->
        <test-method status="PASS" signature="beforeMethod()[pri:0, instance:Maths.MathematicsTest@de0a01f]" name="beforeMethod" is-config="true" duration-ms="1" started-at="2015-03-06T19:23:46Z" finished-at="2015-03-06T19:23:46Z">
          <reporter-output>
          </reporter-output>
        </test-method> <!-- beforeMethod -->
        <test-method status="PASS" signature="add()[pri:0, instance:Maths.MathematicsTest@de0a01f]" name="add" duration-ms="24" started-at="2015-03-06T19:23:46Z" finished-at="2015-03-06T19:23:46Z">
          <reporter-output>
          </reporter-output>
        </test-method> <!-- add -->
        <test-method status="PASS" signature="beforeMethod()[pri:0, instance:Maths.MathematicsTest@de0a01f]" name="beforeMethod" is-config="true" duration-ms="1" started-at="2015-03-06T19:23:46Z" finished-at="2015-03-06T19:23:46Z">
          <reporter-output>
          </reporter-output>
        </test-method> <!-- beforeMethod -->
        <test-method status="PASS" signature="divide()[pri:0, instance:Maths.MathematicsTest@de0a01f]" name="divide" duration-ms="2" started-at="2015-03-06T19:23:46Z" finished-at="2015-03-06T19:23:46Z">
          <reporter-output>
          </reporter-output>
        </test-method> <!-- divide -->
        <test-method status="PASS" signature="beforeMethod()[pri:0, instance:Maths.MathematicsTest@de0a01f]" name="beforeMethod" is-config="true" duration-ms="1" started-at="2015-03-06T19:23:46Z" finished-at="2015-03-06T19:23:46Z">
          <reporter-output>
          </reporter-output>
        </test-method> <!-- beforeMethod -->
        <test-method status="PASS" signature="multiply()[pri:0, instance:Maths.MathematicsTest@de0a01f]" name="multiply" duration-ms="2" started-at="2015-03-06T19:23:46Z" finished-at="2015-03-06T19:23:46Z">
          <reporter-output>
          </reporter-output>
        </test-method> <!-- multiply -->
        <test-method status="PASS" signature="beforeMethod()[pri:0, instance:Maths.MathematicsTest@de0a01f]" name="beforeMethod" is-config="true" duration-ms="0" started-at="2015-03-06T19:23:46Z" finished-at="2015-03-06T19:23:46Z">
          <reporter-output>
          </reporter-output>
        </test-method> <!-- beforeMethod -->
        <test-method status="PASS" signature="sub()[pri:0, instance:Maths.MathematicsTest@de0a01f]" name="sub" duration-ms="2" started-at="2015-03-06T19:23:46Z" finished-at="2015-03-06T19:23:46Z">
          <reporter-output>
          </reporter-output>
        </test-method> <!-- sub -->
      </class> <!-- Maths.MathematicsTest -->
    </test> <!-- Default test -->
  </suite> <!-- Default suite -->
</testng-results>
