<?xml version="1.0" encoding="UTF-8"?>
<testng-results skipped="0" failed="0" total="2" passed="2">
  <reporter-output>
  </reporter-output>
  <suite name="Default suite" duration-ms="38" started-at="2015-03-08T00:09:51Z" finished-at="2015-03-08T00:09:51Z">
    <groups>
    </groups>
    <test name="Default test" duration-ms="38" started-at="2015-03-08T00:09:51Z" finished-at="2015-03-08T00:09:51Z">
      <class name="CMV.MyArraysTest">
        <test-method status="PASS" signature="getMinimum([I, int, int, int)[pri:0, instance:CMV.MyArraysTest@12bc6874]" name="getMinimum" duration-ms="15" started-at="2015-03-07T19:09:51Z" data-provider="dp" finished-at="2015-03-07T19:09:51Z">
          <params>
            <param index="0">
              <value>
                <![CDATA[[I@6bf256fa]]>
              </value>
            </param>
            <param index="1">
              <value>
                <![CDATA[0]]>
              </value>
            </param>
            <param index="2">
              <value>
                <![CDATA[4]]>
              </value>
            </param>
            <param index="3">
              <value>
                <![CDATA[1]]>
              </value>
            </param>
          </params>
          <reporter-output>
          </reporter-output>
        </test-method> <!-- getMinimum -->
        <test-method status="PASS" signature="getMinimum([I, int, int, int)[pri:0, instance:CMV.MyArraysTest@12bc6874]" name="getMinimum" duration-ms="1" started-at="2015-03-07T19:09:51Z" data-provider="dp" finished-at="2015-03-07T19:09:51Z">
          <params>
            <param index="0">
              <value>
                <![CDATA[[I@6cd8737]]>
              </value>
            </param>
            <param index="1">
              <value>
                <![CDATA[1]]>
              </value>
            </param>
            <param index="2">
              <value>
                <![CDATA[4]]>
              </value>
            </param>
            <param index="3">
              <value>
                <![CDATA[3]]>
              </value>
            </param>
          </params>
          <reporter-output>
          </reporter-output>
        </test-method> <!-- getMinimum -->
      </class> <!-- CMV.MyArraysTest -->
    </test> <!-- Default test -->
  </suite> <!-- Default suite -->
</testng-results>
