<?xml version="1.0" encoding="UTF-8"?>
<!-- Generated by org.testng.reporters.JUnitXMLReporter -->
<testsuite hostname="Manojs-MacBook-Pro.local" name="Default test" tests="4" failures="0" timestamp="7 Mar 2015 00:23:47 GMT" time="0.073" errors="0">
  <testcase name="add" time="0.024" classname="Maths.MathematicsTest"/>
  <testcase name="divide" time="0.002" classname="Maths.MathematicsTest"/>
  <testcase name="multiply" time="0.002" classname="Maths.MathematicsTest"/>
  <testcase name="sub" time="0.002" classname="Maths.MathematicsTest"/>
</testsuite> <!-- Default test -->
